c:\users\paulh\source\repos\vscode-msvc-config\win32\debug\vc142.pdb
c:\users\paulh\source\repos\vscode-msvc-config\win32\debug\vc142.idb
c:\users\paulh\source\repos\vscode-msvc-config\win32\debug\pwindow.obj
c:\users\paulh\source\repos\vscode-msvc-config\win32\debug\pobject.obj
c:\users\paulh\source\repos\vscode-msvc-config\win32\debug\pmainwindow.obj
c:\users\paulh\source\repos\vscode-msvc-config\win32\debug\plogger.obj
c:\users\paulh\source\repos\vscode-msvc-config\win32\debug\pgraphics.obj
c:\users\paulh\source\repos\vscode-msvc-config\win32\debug\main.obj
c:\users\paulh\source\repos\vscode-msvc-config\win32\debug\myapp.exe
c:\users\paulh\source\repos\vscode-msvc-config\win32\debug\myapp.ilk
c:\users\paulh\source\repos\vscode-msvc-config\win32\debug\myapp.pdb
c:\users\paulh\source\repos\vscode-msvc-config\win32\debug\myapp.lib
c:\users\paulh\source\repos\vscode-msvc-config\win32\debug\myapp.exp
c:\users\paulh\source\repos\vscode-msvc-config\win32\debug\myapp.tlog\cl.command.1.tlog
c:\users\paulh\source\repos\vscode-msvc-config\win32\debug\myapp.tlog\cl.read.1.tlog
c:\users\paulh\source\repos\vscode-msvc-config\win32\debug\myapp.tlog\cl.write.1.tlog
c:\users\paulh\source\repos\vscode-msvc-config\win32\debug\myapp.tlog\link.14224.delete.1.tlog
c:\users\paulh\source\repos\vscode-msvc-config\win32\debug\myapp.tlog\link.command.1.tlog
c:\users\paulh\source\repos\vscode-msvc-config\win32\debug\myapp.tlog\link.read.1.tlog
c:\users\paulh\source\repos\vscode-msvc-config\win32\debug\myapp.tlog\link.write.1.tlog
c:\users\paulh\source\repos\vscode-msvc-config\win32\debug\myapp.tlog\myapp.write.1u.tlog
